{"/home/gabrielwenchenck/Labenu/template-backend/src/business/UserBusiness.ts": {"path":"/home/gabrielwenchenck/Labenu/template-backend/src/business/UserBusiness.ts","statementMap":{"0":{"start":{"line":2,"column":0},"end":{"line":2,"column":56}},"1":{"start":{"line":3,"column":0},"end":{"line":3,"column":56}},"2":{"start":{"line":4,"column":0},"end":{"line":4,"column":52}},"3":{"start":{"line":5,"column":0},"end":{"line":5,"column":null}},"4":{"start":{"line":16,"column":0},"end":{"line":16,"column":68}},"5":{"start":{"line":20,"column":12},"end":{"line":20,"column":38}},"6":{"start":{"line":21,"column":12},"end":{"line":21,"column":36}},"7":{"start":{"line":22,"column":12},"end":{"line":22,"column":36}},"8":{"start":{"line":23,"column":12},"end":{"line":23,"column":40}},"9":{"start":{"line":26,"column":9},"end":{"line":85,"column":4}},"10":{"start":{"line":27,"column":38},"end":{"line":27,"column":43}},"11":{"start":{"line":29,"column":4},"end":{"line":31,"column":null}},"12":{"start":{"line":30,"column":6},"end":{"line":30,"column":78}},"13":{"start":{"line":33,"column":4},"end":{"line":35,"column":null}},"14":{"start":{"line":34,"column":6},"end":{"line":34,"column":79}},"15":{"start":{"line":37,"column":4},"end":{"line":41,"column":null}},"16":{"start":{"line":38,"column":6},"end":{"line":40,"column":8}},"17":{"start":{"line":43,"column":4},"end":{"line":47,"column":null}},"18":{"start":{"line":44,"column":6},"end":{"line":46,"column":8}},"19":{"start":{"line":49,"column":4},"end":{"line":53,"column":null}},"20":{"start":{"line":50,"column":6},"end":{"line":52,"column":8}},"21":{"start":{"line":55,"column":4},"end":{"line":57,"column":null}},"22":{"start":{"line":56,"column":6},"end":{"line":56,"column":58}},"23":{"start":{"line":59,"column":33},"end":{"line":59,"column":75}},"24":{"start":{"line":61,"column":4},"end":{"line":63,"column":null}},"25":{"start":{"line":62,"column":6},"end":{"line":62,"column":53}},"26":{"start":{"line":65,"column":15},"end":{"line":65,"column":42}},"27":{"start":{"line":66,"column":27},"end":{"line":66,"column":64}},"28":{"start":{"line":68,"column":17},"end":{"line":68,"column":77}},"29":{"start":{"line":70,"column":4},"end":{"line":70,"column":45}},"30":{"start":{"line":72,"column":35},"end":{"line":75,"column":6}},"31":{"start":{"line":77,"column":18},"end":{"line":77,"column":59}},"32":{"start":{"line":79,"column":39},"end":{"line":82,"column":6}},"33":{"start":{"line":84,"column":4},"end":{"line":84,"column":20}},"34":{"start":{"line":87,"column":9},"end":{"line":144,"column":4}},"35":{"start":{"line":88,"column":32},"end":{"line":88,"column":37}},"36":{"start":{"line":90,"column":4},"end":{"line":92,"column":null}},"37":{"start":{"line":91,"column":6},"end":{"line":91,"column":58}},"38":{"start":{"line":94,"column":4},"end":{"line":96,"column":null}},"39":{"start":{"line":95,"column":6},"end":{"line":95,"column":61}},"40":{"start":{"line":98,"column":4},"end":{"line":102,"column":null}},"41":{"start":{"line":99,"column":6},"end":{"line":101,"column":8}},"42":{"start":{"line":104,"column":4},"end":{"line":106,"column":null}},"43":{"start":{"line":105,"column":6},"end":{"line":105,"column":58}},"44":{"start":{"line":108,"column":19},"end":{"line":108,"column":61}},"45":{"start":{"line":110,"column":4},"end":{"line":112,"column":null}},"46":{"start":{"line":111,"column":6},"end":{"line":111,"column":54}},"47":{"start":{"line":114,"column":17},"end":{"line":119,"column":null}},"48":{"start":{"line":122,"column":30},"end":{"line":124,"column":null}},"49":{"start":{"line":127,"column":4},"end":{"line":129,"column":null}},"50":{"start":{"line":128,"column":6},"end":{"line":128,"column":58}},"51":{"start":{"line":131,"column":35},"end":{"line":134,"column":6}},"52":{"start":{"line":136,"column":18},"end":{"line":136,"column":59}},"53":{"start":{"line":138,"column":38},"end":{"line":141,"column":6}},"54":{"start":{"line":143,"column":4},"end":{"line":143,"column":20}},"55":{"start":{"line":18,"column":0},"end":{"line":18,"column":13}}},"fnMap":{"0":{"name":"(anonymous_0)","decl":{"start":{"line":19,"column":2},"end":{"line":19,"column":null}},"loc":{"start":{"line":23,"column":40},"end":{"line":24,"column":6}}},"1":{"name":"(anonymous_1)","decl":{"start":{"line":26,"column":18},"end":{"line":26,"column":23}},"loc":{"start":{"line":26,"column":78},"end":{"line":85,"column":3}}},"2":{"name":"(anonymous_2)","decl":{"start":{"line":87,"column":17},"end":{"line":87,"column":22}},"loc":{"start":{"line":87,"column":75},"end":{"line":144,"column":3}}}},"branchMap":{"0":{"loc":{"start":{"line":29,"column":4},"end":{"line":31,"column":null}},"type":"if","locations":[{"start":{"line":29,"column":4},"end":{"line":31,"column":null}}]},"1":{"loc":{"start":{"line":33,"column":4},"end":{"line":35,"column":null}},"type":"if","locations":[{"start":{"line":33,"column":4},"end":{"line":35,"column":null}}]},"2":{"loc":{"start":{"line":37,"column":4},"end":{"line":41,"column":null}},"type":"if","locations":[{"start":{"line":37,"column":4},"end":{"line":41,"column":null}}]},"3":{"loc":{"start":{"line":43,"column":4},"end":{"line":47,"column":null}},"type":"if","locations":[{"start":{"line":43,"column":4},"end":{"line":47,"column":null}}]},"4":{"loc":{"start":{"line":49,"column":4},"end":{"line":53,"column":null}},"type":"if","locations":[{"start":{"line":49,"column":4},"end":{"line":53,"column":null}}]},"5":{"loc":{"start":{"line":55,"column":4},"end":{"line":57,"column":null}},"type":"if","locations":[{"start":{"line":55,"column":4},"end":{"line":57,"column":null}}]},"6":{"loc":{"start":{"line":61,"column":4},"end":{"line":63,"column":null}},"type":"if","locations":[{"start":{"line":61,"column":4},"end":{"line":63,"column":null}}]},"7":{"loc":{"start":{"line":90,"column":4},"end":{"line":92,"column":null}},"type":"if","locations":[{"start":{"line":90,"column":4},"end":{"line":92,"column":null}}]},"8":{"loc":{"start":{"line":94,"column":4},"end":{"line":96,"column":null}},"type":"if","locations":[{"start":{"line":94,"column":4},"end":{"line":96,"column":null}}]},"9":{"loc":{"start":{"line":98,"column":4},"end":{"line":102,"column":null}},"type":"if","locations":[{"start":{"line":98,"column":4},"end":{"line":102,"column":null}}]},"10":{"loc":{"start":{"line":104,"column":4},"end":{"line":106,"column":null}},"type":"if","locations":[{"start":{"line":104,"column":4},"end":{"line":106,"column":null}}]},"11":{"loc":{"start":{"line":110,"column":4},"end":{"line":112,"column":null}},"type":"if","locations":[{"start":{"line":110,"column":4},"end":{"line":112,"column":null}}]},"12":{"loc":{"start":{"line":127,"column":4},"end":{"line":129,"column":null}},"type":"if","locations":[{"start":{"line":127,"column":4},"end":{"line":129,"column":null}}]}},"s":{"0":2,"1":2,"2":2,"3":2,"4":2,"5":2,"6":2,"7":2,"8":2,"9":2,"10":2,"11":2,"12":0,"13":2,"14":0,"15":2,"16":0,"17":2,"18":0,"19":2,"20":1,"21":1,"22":0,"23":1,"24":1,"25":0,"26":1,"27":1,"28":1,"29":1,"30":1,"31":1,"32":1,"33":1,"34":2,"35":2,"36":2,"37":0,"38":2,"39":0,"40":2,"41":0,"42":2,"43":0,"44":2,"45":2,"46":0,"47":2,"48":2,"49":2,"50":1,"51":1,"52":1,"53":1,"54":1,"55":2},"f":{"0":2,"1":2,"2":2},"b":{"0":[0],"1":[0],"2":[0],"3":[0],"4":[1],"5":[0],"6":[0],"7":[0],"8":[0],"9":[0],"10":[0],"11":[0],"12":[1]}}
,"/home/gabrielwenchenck/Labenu/template-backend/src/database/BaseDatabase.ts": {"path":"/home/gabrielwenchenck/Labenu/template-backend/src/database/BaseDatabase.ts","statementMap":{"0":{"start":{"line":1,"column":0},"end":{"line":1,"column":24}},"1":{"start":{"line":2,"column":0},"end":{"line":2,"column":28}},"2":{"start":{"line":4,"column":0},"end":{"line":4,"column":16}},"3":{"start":{"line":6,"column":0},"end":{"line":6,"column":22}},"4":{"start":{"line":7,"column":19},"end":{"line":17,"column":5}}},"fnMap":{},"branchMap":{},"s":{"0":2,"1":2,"2":2,"3":2,"4":2},"f":{},"b":{}}
,"/home/gabrielwenchenck/Labenu/template-backend/src/errors/AuthenticationError.ts": {"path":"/home/gabrielwenchenck/Labenu/template-backend/src/errors/AuthenticationError.ts","statementMap":{"0":{"start":{"line":1,"column":0},"end":{"line":1,"column":40}},"1":{"start":{"line":5,"column":4},"end":{"line":5,"column":24}},"2":{"start":{"line":3,"column":0},"end":{"line":3,"column":13}}},"fnMap":{"0":{"name":"(anonymous_0)","decl":{"start":{"line":4,"column":2},"end":{"line":4,"column":14}},"loc":{"start":{"line":4,"column":55},"end":{"line":6,"column":3}}}},"branchMap":{"0":{"loc":{"start":{"line":4,"column":14},"end":{"line":4,"column":55}},"type":"default-arg","locations":[{"start":{"line":4,"column":32},"end":{"line":4,"column":55}}]}},"s":{"0":2,"1":1,"2":2},"f":{"0":1},"b":{"0":[0]}}
,"/home/gabrielwenchenck/Labenu/template-backend/src/errors/BaseError.ts": {"path":"/home/gabrielwenchenck/Labenu/template-backend/src/errors/BaseError.ts","statementMap":{"0":{"start":{"line":3,"column":4},"end":{"line":3,"column":19}},"1":{"start":{"line":2,"column":21},"end":{"line":2,"column":39}},"2":{"start":{"line":1,"column":0},"end":{"line":1,"column":13}}},"fnMap":{"0":{"name":"(anonymous_0)","decl":{"start":{"line":2,"column":2},"end":{"line":2,"column":21}},"loc":{"start":{"line":2,"column":56},"end":{"line":4,"column":3}}}},"branchMap":{},"s":{"0":2,"1":2,"2":2},"f":{"0":2},"b":{}}
,"/home/gabrielwenchenck/Labenu/template-backend/src/errors/ConflictError.ts": {"path":"/home/gabrielwenchenck/Labenu/template-backend/src/errors/ConflictError.ts","statementMap":{"0":{"start":{"line":1,"column":0},"end":{"line":1,"column":40}},"1":{"start":{"line":5,"column":4},"end":{"line":5,"column":24}},"2":{"start":{"line":3,"column":0},"end":{"line":3,"column":13}}},"fnMap":{"0":{"name":"(anonymous_0)","decl":{"start":{"line":4,"column":2},"end":{"line":4,"column":14}},"loc":{"start":{"line":4,"column":51},"end":{"line":6,"column":3}}}},"branchMap":{"0":{"loc":{"start":{"line":4,"column":14},"end":{"line":4,"column":51}},"type":"default-arg","locations":[{"start":{"line":4,"column":32},"end":{"line":4,"column":51}}]}},"s":{"0":2,"1":0,"2":2},"f":{"0":0},"b":{"0":[0]}}
,"/home/gabrielwenchenck/Labenu/template-backend/src/errors/NotFoundError.ts": {"path":"/home/gabrielwenchenck/Labenu/template-backend/src/errors/NotFoundError.ts","statementMap":{"0":{"start":{"line":1,"column":0},"end":{"line":1,"column":40}},"1":{"start":{"line":5,"column":4},"end":{"line":5,"column":24}},"2":{"start":{"line":3,"column":0},"end":{"line":3,"column":13}}},"fnMap":{"0":{"name":"(anonymous_0)","decl":{"start":{"line":4,"column":2},"end":{"line":4,"column":14}},"loc":{"start":{"line":4,"column":56},"end":{"line":6,"column":3}}}},"branchMap":{"0":{"loc":{"start":{"line":4,"column":14},"end":{"line":4,"column":56}},"type":"default-arg","locations":[{"start":{"line":4,"column":32},"end":{"line":4,"column":56}}]}},"s":{"0":2,"1":0,"2":2},"f":{"0":0},"b":{"0":[0]}}
,"/home/gabrielwenchenck/Labenu/template-backend/src/errors/ParamsError.ts": {"path":"/home/gabrielwenchenck/Labenu/template-backend/src/errors/ParamsError.ts","statementMap":{"0":{"start":{"line":1,"column":0},"end":{"line":1,"column":40}},"1":{"start":{"line":5,"column":4},"end":{"line":5,"column":24}},"2":{"start":{"line":3,"column":0},"end":{"line":3,"column":13}}},"fnMap":{"0":{"name":"(anonymous_0)","decl":{"start":{"line":4,"column":2},"end":{"line":4,"column":14}},"loc":{"start":{"line":4,"column":66},"end":{"line":6,"column":3}}}},"branchMap":{"0":{"loc":{"start":{"line":4,"column":14},"end":{"line":4,"column":66}},"type":"default-arg","locations":[{"start":{"line":4,"column":32},"end":{"line":4,"column":66}}]}},"s":{"0":2,"1":1,"2":2},"f":{"0":1},"b":{"0":[0]}}
,"/home/gabrielwenchenck/Labenu/template-backend/src/models/User.ts": {"path":"/home/gabrielwenchenck/Labenu/template-backend/src/models/User.ts","statementMap":{"0":{"start":{"line":1,"column":0},"end":{"line":1,"column":null}},"1":{"start":{"line":2,"column":2},"end":{"line":2,"column":null}},"2":{"start":{"line":3,"column":2},"end":{"line":3,"column":null}},"3":{"start":{"line":16,"column":12},"end":{"line":16,"column":22}},"4":{"start":{"line":17,"column":12},"end":{"line":17,"column":24}},"5":{"start":{"line":18,"column":12},"end":{"line":18,"column":25}},"6":{"start":{"line":19,"column":12},"end":{"line":19,"column":28}},"7":{"start":{"line":20,"column":12},"end":{"line":20,"column":28}},"8":{"start":{"line":23,"column":9},"end":{"line":25,"column":4}},"9":{"start":{"line":24,"column":4},"end":{"line":24,"column":19}},"10":{"start":{"line":27,"column":9},"end":{"line":29,"column":4}},"11":{"start":{"line":28,"column":4},"end":{"line":28,"column":21}},"12":{"start":{"line":31,"column":9},"end":{"line":33,"column":4}},"13":{"start":{"line":32,"column":4},"end":{"line":32,"column":22}},"14":{"start":{"line":35,"column":9},"end":{"line":37,"column":4}},"15":{"start":{"line":36,"column":4},"end":{"line":36,"column":25}},"16":{"start":{"line":39,"column":9},"end":{"line":41,"column":4}},"17":{"start":{"line":40,"column":4},"end":{"line":40,"column":21}},"18":{"start":{"line":43,"column":9},"end":{"line":45,"column":4}},"19":{"start":{"line":44,"column":4},"end":{"line":44,"column":20}},"20":{"start":{"line":47,"column":9},"end":{"line":49,"column":4}},"21":{"start":{"line":48,"column":4},"end":{"line":48,"column":24}},"22":{"start":{"line":51,"column":9},"end":{"line":53,"column":4}},"23":{"start":{"line":52,"column":4},"end":{"line":52,"column":26}},"24":{"start":{"line":55,"column":9},"end":{"line":57,"column":4}},"25":{"start":{"line":56,"column":4},"end":{"line":56,"column":32}},"26":{"start":{"line":59,"column":9},"end":{"line":61,"column":4}},"27":{"start":{"line":60,"column":4},"end":{"line":60,"column":24}},"28":{"start":{"line":14,"column":0},"end":{"line":14,"column":13}}},"fnMap":{"0":{"name":"(anonymous_0)","decl":{"start":{"line":1,"column":0},"end":{"line":1,"column":12}},"loc":{"start":{"line":1,"column":22},"end":{"line":4,"column":1}}},"1":{"name":"(anonymous_1)","decl":{"start":{"line":15,"column":2},"end":{"line":15,"column":null}},"loc":{"start":{"line":20,"column":28},"end":{"line":21,"column":6}}},"2":{"name":"(anonymous_2)","decl":{"start":{"line":23,"column":17},"end":{"line":23,"column":20}},"loc":{"start":{"line":23,"column":22},"end":{"line":25,"column":3}}},"3":{"name":"(anonymous_3)","decl":{"start":{"line":27,"column":19},"end":{"line":27,"column":22}},"loc":{"start":{"line":27,"column":24},"end":{"line":29,"column":3}}},"4":{"name":"(anonymous_4)","decl":{"start":{"line":31,"column":20},"end":{"line":31,"column":23}},"loc":{"start":{"line":31,"column":25},"end":{"line":33,"column":3}}},"5":{"name":"(anonymous_5)","decl":{"start":{"line":35,"column":23},"end":{"line":35,"column":26}},"loc":{"start":{"line":35,"column":28},"end":{"line":37,"column":3}}},"6":{"name":"(anonymous_6)","decl":{"start":{"line":39,"column":19},"end":{"line":39,"column":22}},"loc":{"start":{"line":39,"column":24},"end":{"line":41,"column":3}}},"7":{"name":"(anonymous_7)","decl":{"start":{"line":43,"column":17},"end":{"line":43,"column":18}},"loc":{"start":{"line":43,"column":35},"end":{"line":45,"column":3}}},"8":{"name":"(anonymous_8)","decl":{"start":{"line":47,"column":19},"end":{"line":47,"column":20}},"loc":{"start":{"line":47,"column":39},"end":{"line":49,"column":3}}},"9":{"name":"(anonymous_9)","decl":{"start":{"line":51,"column":20},"end":{"line":51,"column":21}},"loc":{"start":{"line":51,"column":41},"end":{"line":53,"column":3}}},"10":{"name":"(anonymous_10)","decl":{"start":{"line":55,"column":23},"end":{"line":55,"column":24}},"loc":{"start":{"line":55,"column":47},"end":{"line":57,"column":3}}},"11":{"name":"(anonymous_11)","decl":{"start":{"line":59,"column":19},"end":{"line":59,"column":20}},"loc":{"start":{"line":59,"column":43},"end":{"line":61,"column":3}}}},"branchMap":{"0":{"loc":{"start":{"line":1,"column":12},"end":{"line":1,"column":null}},"type":"binary-expr","locations":[{"start":{"line":1,"column":12},"end":{"line":1,"column":22}},{"start":{"line":1,"column":12},"end":{"line":1,"column":null}}]}},"s":{"0":2,"1":2,"2":2,"3":3,"4":3,"5":3,"6":3,"7":3,"8":3,"9":2,"10":3,"11":0,"12":3,"13":0,"14":3,"15":2,"16":3,"17":2,"18":3,"19":0,"20":3,"21":0,"22":3,"23":0,"24":3,"25":0,"26":3,"27":0,"28":2},"f":{"0":2,"1":3,"2":2,"3":0,"4":0,"5":2,"6":2,"7":0,"8":0,"9":0,"10":0,"11":0},"b":{"0":[2,2]}}
,"/home/gabrielwenchenck/Labenu/template-backend/tests/mocks/AuthenticatorMock.ts": {"path":"/home/gabrielwenchenck/Labenu/template-backend/tests/mocks/AuthenticatorMock.ts","statementMap":{"0":{"start":{"line":1,"column":0},"end":{"line":1,"column":51}},"1":{"start":{"line":5,"column":9},"end":{"line":12,"column":4}},"2":{"start":{"line":6,"column":4},"end":{"line":11,"column":null}},"3":{"start":{"line":8,"column":8},"end":{"line":8,"column":34}},"4":{"start":{"line":10,"column":8},"end":{"line":10,"column":35}},"5":{"start":{"line":14,"column":9},"end":{"line":35,"column":4}},"6":{"start":{"line":15,"column":4},"end":{"line":34,"column":null}},"7":{"start":{"line":17,"column":44},"end":{"line":20,"column":10}},"8":{"start":{"line":22,"column":8},"end":{"line":22,"column":28}},"9":{"start":{"line":25,"column":45},"end":{"line":28,"column":10}},"10":{"start":{"line":30,"column":8},"end":{"line":30,"column":29}},"11":{"start":{"line":33,"column":8},"end":{"line":33,"column":20}},"12":{"start":{"line":4,"column":0},"end":{"line":4,"column":13}}},"fnMap":{"0":{"name":"(anonymous_0)","decl":{"start":{"line":4,"column":0},"end":{"line":4,"column":13}},"loc":{"start":{"line":4,"column":0},"end":{"line":36,"column":1}}},"1":{"name":"(anonymous_1)","decl":{"start":{"line":5,"column":25},"end":{"line":5,"column":26}},"loc":{"start":{"line":5,"column":60},"end":{"line":12,"column":3}}},"2":{"name":"(anonymous_2)","decl":{"start":{"line":14,"column":27},"end":{"line":14,"column":28}},"loc":{"start":{"line":14,"column":67},"end":{"line":35,"column":3}}}},"branchMap":{"0":{"loc":{"start":{"line":6,"column":4},"end":{"line":11,"column":null}},"type":"switch","locations":[{"start":{"line":7,"column":6},"end":{"line":8,"column":34}},{"start":{"line":9,"column":6},"end":{"line":10,"column":35}}]},"1":{"loc":{"start":{"line":15,"column":4},"end":{"line":34,"column":null}},"type":"switch","locations":[{"start":{"line":16,"column":6},"end":{"line":22,"column":28}},{"start":{"line":24,"column":6},"end":{"line":30,"column":29}},{"start":{"line":32,"column":6},"end":{"line":33,"column":20}}]}},"s":{"0":2,"1":2,"2":2,"3":1,"4":1,"5":2,"6":0,"7":0,"8":0,"9":0,"10":0,"11":0,"12":2},"f":{"0":2,"1":2,"2":0},"b":{"0":[1,1],"1":[0,0,0]}}
,"/home/gabrielwenchenck/Labenu/template-backend/tests/mocks/HashManagerMock.ts": {"path":"/home/gabrielwenchenck/Labenu/template-backend/tests/mocks/HashManagerMock.ts","statementMap":{"0":{"start":{"line":2,"column":9},"end":{"line":8,"column":4}},"1":{"start":{"line":3,"column":4},"end":{"line":5,"column":null}},"2":{"start":{"line":4,"column":6},"end":{"line":4,"column":30}},"3":{"start":{"line":7,"column":4},"end":{"line":7,"column":23}},"4":{"start":{"line":10,"column":9},"end":{"line":19,"column":4}},"5":{"start":{"line":14,"column":4},"end":{"line":16,"column":null}},"6":{"start":{"line":15,"column":6},"end":{"line":15,"column":18}},"7":{"start":{"line":18,"column":4},"end":{"line":18,"column":17}},"8":{"start":{"line":1,"column":0},"end":{"line":1,"column":13}}},"fnMap":{"0":{"name":"(anonymous_0)","decl":{"start":{"line":1,"column":0},"end":{"line":1,"column":13}},"loc":{"start":{"line":1,"column":0},"end":{"line":20,"column":1}}},"1":{"name":"(anonymous_1)","decl":{"start":{"line":2,"column":16},"end":{"line":2,"column":21}},"loc":{"start":{"line":2,"column":61},"end":{"line":8,"column":3}}},"2":{"name":"(anonymous_2)","decl":{"start":{"line":10,"column":19},"end":{"line":10,"column":24}},"loc":{"start":{"line":13,"column":24},"end":{"line":19,"column":3}}}},"branchMap":{"0":{"loc":{"start":{"line":3,"column":4},"end":{"line":5,"column":null}},"type":"if","locations":[{"start":{"line":3,"column":4},"end":{"line":5,"column":null}}]},"1":{"loc":{"start":{"line":14,"column":4},"end":{"line":16,"column":null}},"type":"if","locations":[{"start":{"line":14,"column":4},"end":{"line":16,"column":null}}]},"2":{"loc":{"start":{"line":14,"column":8},"end":{"line":14,"column":60}},"type":"binary-expr","locations":[{"start":{"line":14,"column":8},"end":{"line":14,"column":32}},{"start":{"line":14,"column":36},"end":{"line":14,"column":60}}]}},"s":{"0":2,"1":1,"2":0,"3":1,"4":2,"5":2,"6":1,"7":1,"8":2},"f":{"0":2,"1":1,"2":2},"b":{"0":[0],"1":[1],"2":[2,1]}}
,"/home/gabrielwenchenck/Labenu/template-backend/tests/mocks/IdGeneratorMock.ts": {"path":"/home/gabrielwenchenck/Labenu/template-backend/tests/mocks/IdGeneratorMock.ts","statementMap":{"0":{"start":{"line":2,"column":9},"end":{"line":4,"column":4}},"1":{"start":{"line":3,"column":4},"end":{"line":3,"column":21}},"2":{"start":{"line":1,"column":0},"end":{"line":1,"column":13}}},"fnMap":{"0":{"name":"(anonymous_0)","decl":{"start":{"line":1,"column":0},"end":{"line":1,"column":13}},"loc":{"start":{"line":1,"column":0},"end":{"line":5,"column":1}}},"1":{"name":"(anonymous_1)","decl":{"start":{"line":2,"column":20},"end":{"line":2,"column":31}},"loc":{"start":{"line":2,"column":33},"end":{"line":4,"column":3}}}},"branchMap":{},"s":{"0":2,"1":1,"2":2},"f":{"0":2,"1":1},"b":{}}
,"/home/gabrielwenchenck/Labenu/template-backend/tests/mocks/UserDatabaseMock.ts": {"path":"/home/gabrielwenchenck/Labenu/template-backend/tests/mocks/UserDatabaseMock.ts","statementMap":{"0":{"start":{"line":1,"column":0},"end":{"line":1,"column":66}},"1":{"start":{"line":2,"column":0},"end":{"line":2,"column":63}},"2":{"start":{"line":7,"column":9},"end":{"line":17,"column":4}},"3":{"start":{"line":8,"column":28},"end":{"line":14,"column":6}},"4":{"start":{"line":16,"column":4},"end":{"line":16,"column":18}},"5":{"start":{"line":19,"column":9},"end":{"line":46,"column":4}},"6":{"start":{"line":20,"column":4},"end":{"line":45,"column":null}},"7":{"start":{"line":22,"column":36},"end":{"line":28,"column":10}},"8":{"start":{"line":30,"column":8},"end":{"line":30,"column":26}},"9":{"start":{"line":33,"column":35},"end":{"line":39,"column":10}},"10":{"start":{"line":41,"column":8},"end":{"line":41,"column":25}},"11":{"start":{"line":44,"column":8},"end":{"line":44,"column":25}},"12":{"start":{"line":48,"column":9},"end":{"line":48,"column":62}},"13":{"start":{"line":4,"column":0},"end":{"line":4,"column":13}},"14":{"start":{"line":5,"column":16},"end":{"line":5,"column":45}}},"fnMap":{"0":{"name":"(anonymous_0)","decl":{"start":{"line":4,"column":0},"end":{"line":4,"column":13}},"loc":{"start":{"line":4,"column":0},"end":{"line":49,"column":1}}},"1":{"name":"(anonymous_1)","decl":{"start":{"line":7,"column":25},"end":{"line":7,"column":26}},"loc":{"start":{"line":7,"column":40},"end":{"line":17,"column":3}}},"2":{"name":"(anonymous_2)","decl":{"start":{"line":19,"column":23},"end":{"line":19,"column":28}},"loc":{"start":{"line":19,"column":77},"end":{"line":46,"column":3}}},"3":{"name":"(anonymous_3)","decl":{"start":{"line":48,"column":22},"end":{"line":48,"column":27}},"loc":{"start":{"line":48,"column":58},"end":{"line":48,"column":61}}}},"branchMap":{"0":{"loc":{"start":{"line":20,"column":4},"end":{"line":45,"column":null}},"type":"switch","locations":[{"start":{"line":21,"column":6},"end":{"line":30,"column":26}},{"start":{"line":32,"column":6},"end":{"line":41,"column":25}},{"start":{"line":43,"column":6},"end":{"line":44,"column":25}}]}},"s":{"0":2,"1":2,"2":2,"3":0,"4":0,"5":2,"6":3,"7":0,"8":0,"9":2,"10":2,"11":1,"12":2,"13":2,"14":2},"f":{"0":2,"1":0,"2":3,"3":1},"b":{"0":[0,2,1]}}
}
