TN:
SF:src/business/UserBusiness.ts
FN:19,(anonymous_0)
FN:26,(anonymous_1)
FN:87,(anonymous_2)
FNF:3
FNH:3
FNDA:2,(anonymous_0)
FNDA:2,(anonymous_1)
FNDA:2,(anonymous_2)
DA:2,2
DA:3,2
DA:4,2
DA:5,2
DA:16,2
DA:18,2
DA:20,2
DA:21,2
DA:22,2
DA:23,2
DA:26,2
DA:27,2
DA:29,2
DA:30,0
DA:33,2
DA:34,0
DA:37,2
DA:38,0
DA:43,2
DA:44,0
DA:49,2
DA:50,1
DA:55,1
DA:56,0
DA:59,1
DA:61,1
DA:62,0
DA:65,1
DA:66,1
DA:68,1
DA:70,1
DA:72,1
DA:77,1
DA:79,1
DA:84,1
DA:87,2
DA:88,2
DA:90,2
DA:91,0
DA:94,2
DA:95,0
DA:98,2
DA:99,0
DA:104,2
DA:105,0
DA:108,2
DA:110,2
DA:111,0
DA:114,2
DA:122,2
DA:127,2
DA:128,1
DA:131,1
DA:136,1
DA:138,1
DA:143,1
LF:56
LH:45
BRDA:29,0,0,0
BRDA:33,1,0,0
BRDA:37,2,0,0
BRDA:43,3,0,0
BRDA:49,4,0,1
BRDA:55,5,0,0
BRDA:61,6,0,0
BRDA:90,7,0,0
BRDA:94,8,0,0
BRDA:98,9,0,0
BRDA:104,10,0,0
BRDA:110,11,0,0
BRDA:127,12,0,1
BRF:13
BRH:2
end_of_record
TN:
SF:src/database/BaseDatabase.ts
FNF:0
FNH:0
DA:1,2
DA:2,2
DA:4,2
DA:6,2
DA:7,2
LF:5
LH:5
BRF:0
BRH:0
end_of_record
TN:
SF:src/errors/AuthenticationError.ts
FN:4,(anonymous_0)
FNF:1
FNH:1
FNDA:1,(anonymous_0)
DA:1,2
DA:3,2
DA:5,1
LF:3
LH:3
BRDA:4,0,0,0
BRF:1
BRH:0
end_of_record
TN:
SF:src/errors/BaseError.ts
FN:2,(anonymous_0)
FNF:1
FNH:1
FNDA:2,(anonymous_0)
DA:1,2
DA:2,2
DA:3,2
LF:3
LH:3
BRF:0
BRH:0
end_of_record
TN:
SF:src/errors/ConflictError.ts
FN:4,(anonymous_0)
FNF:1
FNH:0
FNDA:0,(anonymous_0)
DA:1,2
DA:3,2
DA:5,0
LF:3
LH:2
BRDA:4,0,0,0
BRF:1
BRH:0
end_of_record
TN:
SF:src/errors/NotFoundError.ts
FN:4,(anonymous_0)
FNF:1
FNH:0
FNDA:0,(anonymous_0)
DA:1,2
DA:3,2
DA:5,0
LF:3
LH:2
BRDA:4,0,0,0
BRF:1
BRH:0
end_of_record
TN:
SF:src/errors/ParamsError.ts
FN:4,(anonymous_0)
FNF:1
FNH:1
FNDA:1,(anonymous_0)
DA:1,2
DA:3,2
DA:5,1
LF:3
LH:3
BRDA:4,0,0,0
BRF:1
BRH:0
end_of_record
TN:
SF:src/models/User.ts
FN:1,(anonymous_0)
FN:15,(anonymous_1)
FN:23,(anonymous_2)
FN:27,(anonymous_3)
FN:31,(anonymous_4)
FN:35,(anonymous_5)
FN:39,(anonymous_6)
FN:43,(anonymous_7)
FN:47,(anonymous_8)
FN:51,(anonymous_9)
FN:55,(anonymous_10)
FN:59,(anonymous_11)
FNF:12
FNH:5
FNDA:2,(anonymous_0)
FNDA:3,(anonymous_1)
FNDA:2,(anonymous_2)
FNDA:0,(anonymous_3)
FNDA:0,(anonymous_4)
FNDA:2,(anonymous_5)
FNDA:2,(anonymous_6)
FNDA:0,(anonymous_7)
FNDA:0,(anonymous_8)
FNDA:0,(anonymous_9)
FNDA:0,(anonymous_10)
FNDA:0,(anonymous_11)
DA:1,2
DA:2,2
DA:3,2
DA:14,2
DA:16,3
DA:17,3
DA:18,3
DA:19,3
DA:20,3
DA:23,3
DA:24,2
DA:27,3
DA:28,0
DA:31,3
DA:32,0
DA:35,3
DA:36,2
DA:39,3
DA:40,2
DA:43,3
DA:44,0
DA:47,3
DA:48,0
DA:51,3
DA:52,0
DA:55,3
DA:56,0
DA:59,3
DA:60,0
LF:29
LH:22
BRDA:1,0,0,2
BRDA:1,0,1,2
BRF:2
BRH:2
end_of_record
TN:
SF:tests/mocks/AuthenticatorMock.ts
FN:4,(anonymous_0)
FN:5,(anonymous_1)
FN:14,(anonymous_2)
FNF:3
FNH:2
FNDA:2,(anonymous_0)
FNDA:2,(anonymous_1)
FNDA:0,(anonymous_2)
DA:1,2
DA:4,2
DA:5,2
DA:6,2
DA:8,1
DA:10,1
DA:14,2
DA:15,0
DA:17,0
DA:22,0
DA:25,0
DA:30,0
DA:33,0
LF:13
LH:7
BRDA:6,0,0,1
BRDA:6,0,1,1
BRDA:15,1,0,0
BRDA:15,1,1,0
BRDA:15,1,2,0
BRF:5
BRH:2
end_of_record
TN:
SF:tests/mocks/HashManagerMock.ts
FN:1,(anonymous_0)
FN:2,(anonymous_1)
FN:10,(anonymous_2)
FNF:3
FNH:3
FNDA:2,(anonymous_0)
FNDA:1,(anonymous_1)
FNDA:2,(anonymous_2)
DA:1,2
DA:2,2
DA:3,1
DA:4,0
DA:7,1
DA:10,2
DA:14,2
DA:15,1
DA:18,1
LF:9
LH:8
BRDA:3,0,0,0
BRDA:14,1,0,1
BRDA:14,2,0,2
BRDA:14,2,1,1
BRF:4
BRH:3
end_of_record
TN:
SF:tests/mocks/IdGeneratorMock.ts
FN:1,(anonymous_0)
FN:2,(anonymous_1)
FNF:2
FNH:2
FNDA:2,(anonymous_0)
FNDA:1,(anonymous_1)
DA:1,2
DA:2,2
DA:3,1
LF:3
LH:3
BRF:0
BRH:0
end_of_record
TN:
SF:tests/mocks/UserDatabaseMock.ts
FN:4,(anonymous_0)
FN:7,(anonymous_1)
FN:19,(anonymous_2)
FN:48,(anonymous_3)
FNF:4
FNH:3
FNDA:2,(anonymous_0)
FNDA:0,(anonymous_1)
FNDA:3,(anonymous_2)
FNDA:1,(anonymous_3)
DA:1,2
DA:2,2
DA:4,2
DA:5,2
DA:7,2
DA:8,0
DA:16,0
DA:19,2
DA:20,3
DA:22,0
DA:30,0
DA:33,2
DA:41,2
DA:44,1
DA:48,2
LF:15
LH:11
BRDA:20,0,0,0
BRDA:20,0,1,2
BRDA:20,0,2,1
BRF:3
BRH:2
end_of_record
